<?xml version="1.0" encoding="UTF-8"?>
<testng-results skipped="0" failed="0" ignored="0" total="1" passed="1">
  <reporter-output>
  </reporter-output>
  <suite name="Default suite" duration-ms="6064" started-at="2021-05-29T19:00:08 IST" finished-at="2021-05-29T19:00:14 IST">
    <groups>
    </groups>
    <test name="Default test" duration-ms="6064" started-at="2021-05-29T19:00:08 IST" finished-at="2021-05-29T19:00:14 IST">
      <class name="com.restAssuredFramework.postRequestAutomation">
        <test-method status="PASS" signature="TC_002()[pri:0, instance:com.restAssuredFramework.postRequestAutomation@80503]" name="TC_002" duration-ms="5953" started-at="2021-05-29T19:00:08 IST" finished-at="2021-05-29T19:00:14 IST">
          <reporter-output>
          </reporter-output>
        </test-method> <!-- TC_002 -->
      </class> <!-- com.restAssuredFramework.postRequestAutomation -->
    </test> <!-- Default test -->
  </suite> <!-- Default suite -->
</testng-results>
